<?xml version="1.0" encoding="UTF-8"?>
<testng-results ignored="0" total="1" passed="1" failed="0" skipped="0">
  <reporter-output>
  </reporter-output>
  <suite started-at="2023-08-18T16:39:33 IST" name="Suite" finished-at="2023-08-18T16:39:52 IST" duration-ms="18427">
    <groups>
    </groups>
    <test started-at="2023-08-18T16:39:33 IST" name="Test" finished-at="2023-08-18T16:39:52 IST" duration-ms="18427">
      <class name="com.lambdatest.TestNGTodo2">
        <test-method is-config="true" signature="setup(java.lang.reflect.Method,org.testng.ITestContext)[pri:0, instance:com.lambdatest.TestNGTodo2@240237d2]" started-at="2023-08-18T16:39:33 IST" name="setup" finished-at="2023-08-18T16:39:40 IST" duration-ms="6851" status="PASS">
          <params>
            <param index="0">
              <value>
                <![CDATA[public void com.lambdatest.TestNGTodo2.basicTest() throws java.lang.InterruptedException]]>
              </value>
            </param>
            <param index="1">
              <value>
                <![CDATA[org.testng.TestRunner@41fbdac4]]>
              </value>
            </param>
          </params>
          <reporter-output>
          </reporter-output>
        </test-method> <!-- setup -->
        <test-method signature="basicTest()[pri:0, instance:com.lambdatest.TestNGTodo2@240237d2]" started-at="2023-08-18T16:39:40 IST" name="basicTest" finished-at="2023-08-18T16:39:50 IST" duration-ms="9997" status="PASS">
          <reporter-output>
          </reporter-output>
        </test-method> <!-- basicTest -->
        <test-method is-config="true" signature="tearDown()[pri:0, instance:com.lambdatest.TestNGTodo2@240237d2]" started-at="2023-08-18T16:39:50 IST" name="tearDown" finished-at="2023-08-18T16:39:52 IST" duration-ms="1514" status="PASS">
          <reporter-output>
          </reporter-output>
        </test-method> <!-- tearDown -->
      </class> <!-- com.lambdatest.TestNGTodo2 -->
    </test> <!-- Test -->
  </suite> <!-- Suite -->
</testng-results>
